<testsuites id="" name="" tests="7" failures="1" skipped="1" errors="0" time="34.812642">
<testsuite name="example.spec.ts" timestamp="2025-02-27T14:35:11.762Z" hostname="chrome" tests="3" failures="0" skipped="0" time="10.885" errors="0">
<testcase name="report tests › has title" classname="example.spec.ts" time="6.103">
<properties>
<property name="category" value="report">
</property>
</properties>
<system-out>
<![CDATA[ =========== beforeEach
 =========== jonty
 =========== undefined

[[ATTACHMENT|output/example-report-tests-has-title-chrome/attachments/downloaded-0a37e1b5cc20ed96254e3b8f1fbd68856df1ef59.png]]

[[ATTACHMENT|output/example-report-tests-has-title-chrome/trace.zip]]
]]>
</system-out>
</testcase>
<testcase name="report tests › get started link" classname="example.spec.ts" time="2.328">
<properties>
<property name="category" value="report">
</property>
<property name="getFix" value="report">
</property>
</properties>
<system-out>
<![CDATA[ =========== beforeEach
 =========== SAR = undefined
 =========== config = true
 =========== jonty
 =========== undefined

[[ATTACHMENT|output/example-report-tests-get-started-link-chrome/attachments/downloaded-0a37e1b5cc20ed96254e3b8f1fbd68856df1ef59.png]]

[[ATTACHMENT|output/example-report-tests-get-started-link-chrome/trace.zip]]
]]>
</system-out>
</testcase>
<testcase name="report tests › new get started link" classname="example.spec.ts" time="2.454">
<properties>
<property name="category" value="report">
</property>
</properties>
<system-out>
<![CDATA[ =========== beforeEach
 =========== SAR = undefined
 =========== config = true
 =========== jonty
 =========== undefined

[[ATTACHMENT|output/example-report-tests-new-get-started-link-chrome/attachments/downloaded-0a37e1b5cc20ed96254e3b8f1fbd68856df1ef59.png]]

[[ATTACHMENT|output/example-report-tests-new-get-started-link-chrome/trace.zip]]
]]>
</system-out>
</testcase>
</testsuite>
<testsuite name="example2.spec.ts" timestamp="2025-02-27T14:35:11.762Z" hostname="chrome" tests="2" failures="0" skipped="1" time="7.018" errors="0">
<testcase name="has title" classname="example2.spec.ts" time="0">
<properties>
<property name="skip" value="">
</property>
</properties>
<skipped>
</skipped>
</testcase>
<testcase name="has title2" classname="example2.spec.ts" time="7.018">
<system-out>
<![CDATA[
[[ATTACHMENT|output/example2-has-title2-chrome/trace.zip]]
]]>
</system-out>
</testcase>
</testsuite>
<testsuite name="test1/test1.spec.ts" timestamp="2025-02-27T14:35:11.762Z" hostname="chrome" tests="1" failures="0" skipped="0" time="8.433" errors="0">
<testcase name="Amazon Test › amazon" classname="test1/test1.spec.ts" time="8.433">
<properties>
<property name="Amazon" value="report">
</property>
</properties>
<system-out>
<![CDATA[
[[ATTACHMENT|output/test1-test1-Amazon-Test-amazon-chrome/trace.zip]]
]]>
</system-out>
</testcase>
</testsuite>
<testsuite name="test2/test2.spec.ts" timestamp="2025-02-27T14:35:11.762Z" hostname="chrome" tests="1" failures="1" skipped="0" time="30.552" errors="0">
<testcase name="Flipkart Test › flipkart" classname="test2/test2.spec.ts" time="30.552">
<properties>
<property name="Flipkart" value="report">
</property>
</properties>
<failure message="test2.spec.ts:8:5 flipkart" type="FAILURE">
<![CDATA[  [chrome] › test2/test2.spec.ts:8:5 › Flipkart Test › flipkart ────────────────────────────────────

    Test timeout of 30000ms exceeded.

    Error: locator.click: Test timeout of 30000ms exceeded.
    Call log:
      - waiting for locator('.Pke_EE00')


       9 |
      10 |   await page.goto('https://www.flipkart.com/');
    > 11 |   await page.locator('.Pke_EE00').click();
         |                                   ^
      12 | });
      13 | });
        at /Users/bidyashreepaul/Documents/repos/tests/test2/test2.spec.ts:11:35

    attachment #1: screenshot (image/png) ──────────────────────────────────────────────────────────
    output/test2-test2-Flipkart-Test-flipkart-chrome/test-failed-1.png
    ────────────────────────────────────────────────────────────────────────────────────────────────

    attachment #2: trace (application/zip) ─────────────────────────────────────────────────────────
    output/test2-test2-Flipkart-Test-flipkart-chrome/trace.zip
    Usage:

        npx playwright show-trace output/test2-test2-Flipkart-Test-flipkart-chrome/trace.zip

    ────────────────────────────────────────────────────────────────────────────────────────────────
]]>
</failure>
<system-out>
<![CDATA[
[[ATTACHMENT|output/test2-test2-Flipkart-Test-flipkart-chrome/test-failed-1.png]]

[[ATTACHMENT|output/test2-test2-Flipkart-Test-flipkart-chrome/trace.zip]]
]]>
</system-out>
</testcase>
</testsuite>
</testsuites>